<?xml version="1.0" encoding="UTF-8"?>
<testsuite name="com.example.fems.FemsApplicationTests" tests="1" skipped="0" failures="0" errors="0" timestamp="2020-02-19T19:20:31" hostname="cde-OptiPlex-7060" time="0.173">
  <properties/>
  <testcase name="contextLoads()" classname="com.example.fems.FemsApplicationTests" time="0.173"/>
  <system-out><![CDATA[13:20:29.750 [Test worker] DEBUG org.springframework.test.context.BootstrapUtils - Instantiating CacheAwareContextLoaderDelegate from class [org.springframework.test.context.cache.DefaultCacheAwareContextLoaderDelegate]
13:20:29.757 [Test worker] DEBUG org.springframework.test.context.BootstrapUtils - Instantiating BootstrapContext using constructor [public org.springframework.test.context.support.DefaultBootstrapContext(java.lang.Class,org.springframework.test.context.CacheAwareContextLoaderDelegate)]
13:20:29.772 [Test worker] DEBUG org.springframework.test.context.BootstrapUtils - Instantiating TestContextBootstrapper for test class [com.example.fems.FemsApplicationTests] from class [org.springframework.boot.test.context.SpringBootTestContextBootstrapper]
13:20:29.780 [Test worker] INFO org.springframework.boot.test.context.SpringBootTestContextBootstrapper - Neither @ContextConfiguration nor @ContextHierarchy found for test class [com.example.fems.FemsApplicationTests], using SpringBootContextLoader
13:20:29.783 [Test worker] DEBUG org.springframework.test.context.support.AbstractContextLoader - Did not detect default resource location for test class [com.example.fems.FemsApplicationTests]: class path resource [com/example/fems/FemsApplicationTests-context.xml] does not exist
13:20:29.785 [Test worker] DEBUG org.springframework.test.context.support.AbstractContextLoader - Did not detect default resource location for test class [com.example.fems.FemsApplicationTests]: class path resource [com/example/fems/FemsApplicationTestsContext.groovy] does not exist
13:20:29.787 [Test worker] INFO org.springframework.test.context.support.AbstractContextLoader - Could not detect default resource locations for test class [com.example.fems.FemsApplicationTests]: no resource found for suffixes {-context.xml, Context.groovy}.
13:20:29.788 [Test worker] INFO org.springframework.test.context.support.AnnotationConfigContextLoaderUtils - Could not detect default configuration classes for test class [com.example.fems.FemsApplicationTests]: FemsApplicationTests does not declare any static, non-private, non-final, nested classes annotated with @Configuration.
13:20:29.810 [Test worker] DEBUG org.springframework.test.context.support.ActiveProfilesUtils - Could not find an 'annotation declaring class' for annotation type [org.springframework.test.context.ActiveProfiles] and class [com.example.fems.FemsApplicationTests]
13:20:29.850 [Test worker] DEBUG org.springframework.context.annotation.ClassPathScanningCandidateComponentProvider - Identified candidate component class: file [/home/cde/workspace/black/fems/build/classes/java/main/com/example/fems/FemsApplication.class]
13:20:29.850 [Test worker] INFO org.springframework.boot.test.context.SpringBootTestContextBootstrapper - Found @SpringBootConfiguration com.example.fems.FemsApplication for test class com.example.fems.FemsApplicationTests
13:20:29.904 [Test worker] DEBUG org.springframework.boot.test.context.SpringBootTestContextBootstrapper - @TestExecutionListeners is not present for class [com.example.fems.FemsApplicationTests]: using defaults.
13:20:29.904 [Test worker] INFO org.springframework.boot.test.context.SpringBootTestContextBootstrapper - Loaded default TestExecutionListener class names from location [META-INF/spring.factories]: [org.springframework.boot.test.autoconfigure.restdocs.RestDocsTestExecutionListener, org.springframework.boot.test.autoconfigure.web.client.MockRestServiceServerResetTestExecutionListener, org.springframework.boot.test.autoconfigure.web.servlet.MockMvcPrintOnlyOnFailureTestExecutionListener, org.springframework.boot.test.autoconfigure.web.servlet.WebDriverTestExecutionListener, org.springframework.boot.test.mock.mockito.MockitoTestExecutionListener, org.springframework.boot.test.mock.mockito.ResetMocksTestExecutionListener, org.springframework.test.context.web.ServletTestExecutionListener, org.springframework.test.context.support.DirtiesContextBeforeModesTestExecutionListener, org.springframework.test.context.support.DependencyInjectionTestExecutionListener, org.springframework.test.context.support.DirtiesContextTestExecutionListener, org.springframework.test.context.transaction.TransactionalTestExecutionListener, org.springframework.test.context.jdbc.SqlScriptsTestExecutionListener, org.springframework.test.context.event.EventPublishingTestExecutionListener]
13:20:29.912 [Test worker] INFO org.springframework.boot.test.context.SpringBootTestContextBootstrapper - Using TestExecutionListeners: [org.springframework.test.context.web.ServletTestExecutionListener@535080f2, org.springframework.test.context.support.DirtiesContextBeforeModesTestExecutionListener@2422ada8, org.springframework.boot.test.mock.mockito.MockitoTestExecutionListener@649f7b76, org.springframework.boot.test.autoconfigure.SpringBootDependencyInjectionTestExecutionListener@254232d3, org.springframework.test.context.support.DirtiesContextTestExecutionListener@72c27199, org.springframework.test.context.transaction.TransactionalTestExecutionListener@433ccd84, org.springframework.test.context.jdbc.SqlScriptsTestExecutionListener@5ce74a5e, org.springframework.test.context.event.EventPublishingTestExecutionListener@68072fbb, org.springframework.boot.test.autoconfigure.restdocs.RestDocsTestExecutionListener@9a8c59b, org.springframework.boot.test.autoconfigure.web.client.MockRestServiceServerResetTestExecutionListener@2c5d79c7, org.springframework.boot.test.autoconfigure.web.servlet.MockMvcPrintOnlyOnFailureTestExecutionListener@4a0e63a8, org.springframework.boot.test.autoconfigure.web.servlet.WebDriverTestExecutionListener@1ba5e7a5, org.springframework.boot.test.mock.mockito.ResetMocksTestExecutionListener@546e6d57]
13:20:29.914 [Test worker] DEBUG org.springframework.test.context.support.AbstractDirtiesContextTestExecutionListener - Before test class: context [DefaultTestContext@2dbccbcb testClass = FemsApplicationTests, testInstance = [null], testMethod = [null], testException = [null], mergedContextConfiguration = [WebMergedContextConfiguration@7a8cb6ca testClass = FemsApplicationTests, locations = '{}', classes = '{class com.example.fems.FemsApplication}', contextInitializerClasses = '[]', activeProfiles = '{}', propertySourceLocations = '{}', propertySourceProperties = '{org.springframework.boot.test.context.SpringBootTestContextBootstrapper=true}', contextCustomizers = set[org.springframework.boot.test.autoconfigure.properties.PropertyMappingContextCustomizer@0, org.springframework.boot.test.autoconfigure.web.servlet.WebDriverContextCustomizerFactory$Customizer@5e8e6a2a, org.springframework.boot.test.context.filter.ExcludeFilterContextCustomizer@24ebd17c, org.springframework.boot.test.json.DuplicateJsonObjectContextCustomizerFactory$DuplicateJsonObjectContextCustomizer@6d18baf9, org.springframework.boot.test.mock.mockito.MockitoContextCustomizer@0, org.springframework.boot.test.web.client.TestRestTemplateContextCustomizer@6d312b88], resourceBasePath = 'src/main/webapp', contextLoader = 'org.springframework.boot.test.context.SpringBootContextLoader', parent = [null]], attributes = map['org.springframework.test.context.web.ServletTestExecutionListener.activateListener' -> true]], class annotated with @DirtiesContext [false] with mode [null].
13:20:29.931 [Test worker] DEBUG org.springframework.test.context.support.TestPropertySourceUtils - Adding inlined properties to environment: {spring.jmx.enabled=false, org.springframework.boot.test.context.SpringBootTestContextBootstrapper=true, server.port=-1}
2020-02-19 13:20:30.304  INFO 7678 --- [    Test worker] trationDelegate$BeanPostProcessorChecker : Bean 'org.springframework.cloud.autoconfigure.ConfigurationPropertiesRebinderAutoConfiguration' of type [org.springframework.cloud.autoconfigure.ConfigurationPropertiesRebinderAutoConfiguration$$EnhancerBySpringCGLIB$$b92676d5] is not eligible for getting processed by all BeanPostProcessors (for example: not eligible for auto-proxying)

  .   ____          _            __ _ _
 /\\ / ___'_ __ _ _(_)_ __  __ _ \ \ \ \
( ( )\___ | '_ | '_| | '_ \/ _` | \ \ \ \
 \\/  ___)| |_)| | | | | || (_| |  ) ) ) )
  '  |____| .__|_| |_|_| |_\__, | / / / /
 =========|_|==============|___/=/_/_/_/
 :: Spring Boot ::        (v2.2.4.RELEASE)

2020-02-19 13:20:30.420  INFO 7678 --- [    Test worker] com.example.fems.FemsApplicationTests    : No active profile set, falling back to default profiles: default
2020-02-19 13:20:30.755  INFO 7678 --- [    Test worker] o.s.cloud.context.scope.GenericScope     : BeanFactory id=e00055dc-47ee-3b3f-aef1-e48e39c8f4aa
2020-02-19 13:20:30.816  INFO 7678 --- [    Test worker] trationDelegate$BeanPostProcessorChecker : Bean 'com.example.fems.feign.CityClient' of type [org.springframework.cloud.openfeign.FeignClientFactoryBean] is not eligible for getting processed by all BeanPostProcessors (for example: not eligible for auto-proxying)
2020-02-19 13:20:30.871  INFO 7678 --- [    Test worker] trationDelegate$BeanPostProcessorChecker : Bean 'org.springframework.cloud.autoconfigure.ConfigurationPropertiesRebinderAutoConfiguration' of type [org.springframework.cloud.autoconfigure.ConfigurationPropertiesRebinderAutoConfiguration$$EnhancerBySpringCGLIB$$b92676d5] is not eligible for getting processed by all BeanPostProcessors (for example: not eligible for auto-proxying)
2020-02-19 13:20:31.150  WARN 7678 --- [    Test worker] o.s.c.n.a.ArchaiusAutoConfiguration      : No spring.application.name found, defaulting to 'application'
2020-02-19 13:20:31.152  WARN 7678 --- [    Test worker] c.n.c.sources.URLConfigurationSource     : No URLs will be polled as dynamic configuration sources.
2020-02-19 13:20:31.153  INFO 7678 --- [    Test worker] c.n.c.sources.URLConfigurationSource     : To enable URLs as dynamic configuration sources, define System property archaius.configurationSource.additionalUrls or make config.properties available on classpath.
2020-02-19 13:20:31.156  WARN 7678 --- [    Test worker] c.n.c.sources.URLConfigurationSource     : No URLs will be polled as dynamic configuration sources.
2020-02-19 13:20:31.156  INFO 7678 --- [    Test worker] c.n.c.sources.URLConfigurationSource     : To enable URLs as dynamic configuration sources, define System property archaius.configurationSource.additionalUrls or make config.properties available on classpath.
2020-02-19 13:20:31.301  INFO 7678 --- [    Test worker] o.s.s.concurrent.ThreadPoolTaskExecutor  : Initializing ExecutorService 'applicationTaskExecutor'
2020-02-19 13:20:31.599  INFO 7678 --- [    Test worker] com.example.fems.FemsApplicationTests    : Started FemsApplicationTests in 1.662 seconds (JVM running for 2.365)
]]></system-out>
  <system-err><![CDATA[]]></system-err>
</testsuite>
